<?xml version="1.0" encoding="UTF-8"?>
<!-- Generated by org.testng.reporters.JUnitReportReporter -->
<testsuite skipped="0" hostname="administrator-Latitude-3450" name="testngpack.day1" tests="1" failures="0" timestamp="2021-10-24T13:57:50 IST" time="0.094" errors="0">
  <testcase name="mobileloan" time="0.094" classname="testngpack.day1"/>
  <system-out/>
</testsuite> <!-- testngpack.day1 -->
